#
# There is insufficient memory for the Java Runtime Environment to continue.
# Native memory allocation (malloc) failed to allocate 1264656 bytes for Chunk::new
# Possible reasons:
#   The system is out of physical RAM or swap space
#   The process is running with CompressedOops enabled, and the Java Heap may be blocking the growth of the native heap
# Possible solutions:
#   Reduce memory load on the system
#   Increase physical memory or swap space
#   Check if swap backing store is full
#   Decrease Java heap size (-Xmx/-Xms)
#   Decrease number of Java threads
#   Decrease Java thread stack sizes (-Xss)
#   Set larger code cache with -XX:ReservedCodeCacheSize=
#   JVM is running with Zero Based Compressed Oops mode in which the Java heap is
#     placed in the first 32GB address space. The Java Heap base address is the
#     maximum limit for the native heap growth. Please use -XX:HeapBaseMinAddress
#     to set the Java Heap base and to place the Java Heap above 32GB virtual address.
# This output file may be truncated or incomplete.
#
#  Out of Memory Error (./src/hotspot/share/memory/arena.cpp:197), pid=6728, tid=15676
#
# JRE version: OpenJDK Runtime Environment (11.0.12+7) (build 11.0.12+7-b1504.28-7817840)
# Java VM: OpenJDK 64-Bit Server VM (11.0.12+7-b1504.28-7817840, mixed mode, tiered, compressed oops, g1 gc, windows-amd64)
# No core dump will be written. Minidumps are not enabled by default on client versions of Windows
#

---------------  S U M M A R Y ------------

Command Line: --add-opens=java.base/java.util=ALL-UNNAMED --add-opens=java.base/java.lang=ALL-UNNAMED --add-opens=java.base/java.lang.invoke=ALL-UNNAMED --add-opens=java.base/java.util=ALL-UNNAMED --add-opens=java.prefs/java.util.prefs=ALL-UNNAMED --add-opens=java.prefs/java.util.prefs=ALL-UNNAMED --add-opens=java.base/java.nio.charset=ALL-UNNAMED --add-opens=java.base/java.net=ALL-UNNAMED --add-opens=java.base/java.util.concurrent.atomic=ALL-UNNAMED -Xmx4608m -Dfile.encoding=windows-1252 -Duser.country=US -Duser.language=en -Duser.variant org.gradle.launcher.daemon.bootstrap.GradleDaemon 7.3.3

Host: Intel(R) Core(TM) i5-6300U CPU @ 2.40GHz, 4 cores, 7G,  Windows 10 , 64 bit Build 19041 (10.0.19041.2364)
Time: Wed Feb  8 13:00:28 2023 Pacific Standard Time elapsed time: 24.226494 seconds (0d 0h 0m 24s)

---------------  T H R E A D  ---------------

Current thread (0x000002177f21a000):  JavaThread "C2 CompilerThread0" daemon [_thread_in_native, id=15676, stack(0x000000a3e8d00000,0x000000a3e8e00000)]


Current CompileTask:
C2:  24226 6266 % !   4       java.util.jar.Attributes::read @ 186 (390 bytes)

Stack: [0x000000a3e8d00000,0x000000a3e8e00000]
Native frames: (J=compiled Java code, j=interpreted, Vv=VM code, C=native code)
V  [jvm.dll+0x5fbcea]
V  [jvm.dll+0x731905]
V  [jvm.dll+0x732f1d]
V  [jvm.dll+0x7335d3]
V  [jvm.dll+0x247bf8]
V  [jvm.dll+0xc018c]
V  [jvm.dll+0xc06cc]
V  [jvm.dll+0x35b2db]
V  [jvm.dll+0x328803]
V  [jvm.dll+0x327cfa]
V  [jvm.dll+0x200602]
V  [jvm.dll+0x1ff794]
V  [jvm.dll+0x18868c]
V  [jvm.dll+0x20e0d7]
V  [jvm.dll+0x20c901]
V  [jvm.dll+0x6f9b7f]
V  [jvm.dll+0x6f26a5]
V  [jvm.dll+0x5fabf6]
C  [ucrtbase.dll+0x21bb2]
C  [KERNEL32.DLL+0x17614]
C  [ntdll.dll+0x526a1]


---------------  P R O C E S S  ---------------

Threads class SMR info:
_java_thread_list=0x000002171720a580, length=78, elements={
0x000002176fe70000, 0x000002177e99b800, 0x000002177e9a2000, 0x000002177e9ac800,
0x000002177e9ad800, 0x000002177f217800, 0x000002177f21a000, 0x000002177f21e000,
0x000002177f22b800, 0x000002177f392800, 0x0000021712559800, 0x000002171127e800,
0x0000021712626000, 0x00000217129ff000, 0x0000021712347000, 0x0000021713d9d800,
0x0000021711b49000, 0x0000021713bf7000, 0x0000021713bf8000, 0x0000021712d90800,
0x00000217122d0800, 0x00000217122ce000, 0x00000217122d1000, 0x00000217122d2000,
0x00000217122cf800, 0x00000217122cc000, 0x00000217122d3000, 0x00000217122cd000,
0x00000217122ce800, 0x000002171220d000, 0x000002171220d800, 0x0000021712214800,
0x000002171220f800, 0x0000021712212800, 0x000002171220e800, 0x0000021712215000,
0x0000021712216000, 0x0000021712210000, 0x0000021712216800, 0x0000021712211000,
0x000002171221a000, 0x000002171221b000, 0x000002171221b800, 0x0000021712217800,
0x0000021712218800, 0x0000021712219000, 0x000002171263b000, 0x0000021712640000,
0x000002171263e000, 0x000002171263f000, 0x000002171263c800, 0x000002171263a000,
0x0000021712640800, 0x000002171263b800, 0x0000021712641800, 0x0000021712643000,
0x000002171263d800, 0x0000021712644000, 0x0000021712644800, 0x0000021712645800,
0x0000021712648000, 0x0000021712646800, 0x0000021712647000, 0x0000021712642000,
0x0000021712648800, 0x0000021711dad000, 0x0000021711da9000, 0x0000021711dab000,
0x0000021711daa000, 0x0000021711dac800, 0x0000021711dab800, 0x0000021711da7800,
0x0000021711dae000, 0x0000021711da8800, 0x0000021711db4800, 0x0000021711db3000,
0x0000021711daf800, 0x0000021711db2000
}

Java Threads: ( => current thread )
  0x000002176fe70000 JavaThread "main" [_thread_blocked, id=11484, stack(0x000000a3e8100000,0x000000a3e8200000)]
  0x000002177e99b800 JavaThread "Reference Handler" daemon [_thread_blocked, id=2976, stack(0x000000a3e8800000,0x000000a3e8900000)]
  0x000002177e9a2000 JavaThread "Finalizer" daemon [_thread_blocked, id=3600, stack(0x000000a3e8900000,0x000000a3e8a00000)]
  0x000002177e9ac800 JavaThread "Signal Dispatcher" daemon [_thread_blocked, id=3508, stack(0x000000a3e8a00000,0x000000a3e8b00000)]
  0x000002177e9ad800 JavaThread "Attach Listener" daemon [_thread_blocked, id=10228, stack(0x000000a3e8b00000,0x000000a3e8c00000)]
  0x000002177f217800 JavaThread "Service Thread" daemon [_thread_blocked, id=7396, stack(0x000000a3e8c00000,0x000000a3e8d00000)]
=>0x000002177f21a000 JavaThread "C2 CompilerThread0" daemon [_thread_in_native, id=15676, stack(0x000000a3e8d00000,0x000000a3e8e00000)]
  0x000002177f21e000 JavaThread "C1 CompilerThread0" daemon [_thread_blocked, id=2876, stack(0x000000a3e8e00000,0x000000a3e8f00000)]
  0x000002177f22b800 JavaThread "Sweeper thread" daemon [_thread_blocked, id=2284, stack(0x000000a3e8f00000,0x000000a3e9000000)]
  0x000002177f392800 JavaThread "Common-Cleaner" daemon [_thread_blocked, id=924, stack(0x000000a3e9000000,0x000000a3e9100000)]
  0x0000021712559800 JavaThread "Daemon health stats" [_thread_blocked, id=11604, stack(0x000000a3e9500000,0x000000a3e9600000)]
  0x000002171127e800 JavaThread "Incoming local TCP Connector on port 49622" [_thread_in_native, id=3988, stack(0x000000a3e9200000,0x000000a3e9300000)]
  0x0000021712626000 JavaThread "Daemon periodic checks" [_thread_blocked, id=10800, stack(0x000000a3e9600000,0x000000a3e9700000)]
  0x00000217129ff000 JavaThread "Daemon" [_thread_blocked, id=11616, stack(0x000000a3e9700000,0x000000a3e9800000)]
  0x0000021712347000 JavaThread "Handler for socket connection from /127.0.0.1:49622 to /127.0.0.1:49623" [_thread_in_native, id=276, stack(0x000000a3e9800000,0x000000a3e9900000)]
  0x0000021713d9d800 JavaThread "Cancel handler" [_thread_blocked, id=260, stack(0x000000a3e9900000,0x000000a3e9a00000)]
  0x0000021711b49000 JavaThread "Daemon worker" [_thread_in_vm, id=13272, stack(0x000000a3e9a00000,0x000000a3e9b00000)]
  0x0000021713bf7000 JavaThread "Asynchronous log dispatcher for DefaultDaemonConnection: socket connection from /127.0.0.1:49622 to /127.0.0.1:49623" [_thread_blocked, id=14460, stack(0x000000a3e9b00000,0x000000a3e9c00000)]
  0x0000021713bf8000 JavaThread "Stdin handler" [_thread_blocked, id=12924, stack(0x000000a3e9c00000,0x000000a3e9d00000)]
  0x0000021712d90800 JavaThread "Daemon client event forwarder" [_thread_blocked, id=12156, stack(0x000000a3e9d00000,0x000000a3e9e00000)]
  0x00000217122d0800 JavaThread "Cache worker for journal cache (C:\Users\DELL Latitude\.gradle\caches\journal-1)" [_thread_blocked, id=15664, stack(0x000000a3e9f00000,0x000000a3ea000000)]
  0x00000217122ce000 JavaThread "File lock request listener" [_thread_in_native, id=8348, stack(0x000000a3ea000000,0x000000a3ea100000)]
  0x00000217122d1000 JavaThread "Cache worker for file hash cache (C:\Users\DELL Latitude\.gradle\caches\7.3.3\fileHashes)" [_thread_blocked, id=14108, stack(0x000000a3ea100000,0x000000a3ea200000)]
  0x00000217122d2000 JavaThread "Cache worker for file hash cache (C:\Users\DELL Latitude\Documents\EEShopping\.gradle\7.3.3\fileHashes)" [_thread_blocked, id=8436, stack(0x000000a3ea300000,0x000000a3ea400000)]
  0x00000217122cf800 JavaThread "File watcher server" daemon [_thread_in_native, id=9576, stack(0x000000a3ea400000,0x000000a3ea500000)]
  0x00000217122cc000 JavaThread "File watcher consumer" daemon [_thread_blocked, id=5344, stack(0x000000a3ea500000,0x000000a3ea600000)]
  0x00000217122d3000 JavaThread "Cache worker for checksums cache (C:\Users\DELL Latitude\Documents\EEShopping\.gradle\7.3.3\checksums)" [_thread_blocked, id=12528, stack(0x000000a3ea200000,0x000000a3ea300000)]
  0x00000217122cd000 JavaThread "Cache worker for cache directory md-supplier (C:\Users\DELL Latitude\.gradle\caches\7.3.3\md-supplier)" [_thread_blocked, id=2952, stack(0x000000a3ea600000,0x000000a3ea700000)]
  0x00000217122ce800 JavaThread "Cache worker for cache directory md-rule (C:\Users\DELL Latitude\.gradle\caches\7.3.3\md-rule)" [_thread_blocked, id=10104, stack(0x000000a3ea700000,0x000000a3ea800000)]
  0x000002171220d000 JavaThread "Cache worker for execution history cache (C:\Users\DELL Latitude\.gradle\caches\7.3.3\executionHistory)" [_thread_blocked, id=2040, stack(0x000000a3ea800000,0x000000a3ea900000)]
  0x000002171220d800 JavaThread "jar transforms" [_thread_blocked, id=6984, stack(0x000000a3ea900000,0x000000a3eaa00000)]
  0x0000021712214800 JavaThread "Cache worker for file content cache (C:\Users\DELL Latitude\.gradle\caches\7.3.3\fileContent)" [_thread_blocked, id=5900, stack(0x000000a3eaa00000,0x000000a3eab00000)]
  0x000002171220f800 JavaThread "jar transforms Thread 2" [_thread_blocked, id=12496, stack(0x000000a3eac00000,0x000000a3ead00000)]
  0x0000021712212800 JavaThread "Cache worker for dependencies-accessors (C:\Users\DELL Latitude\Documents\EEShopping\.gradle\7.3.3\dependencies-accessors)" [_thread_blocked, id=16336, stack(0x000000a3ead00000,0x000000a3eae00000)]
  0x000002171220e800 JavaThread "jar transforms Thread 3" [_thread_blocked, id=13216, stack(0x000000a3eae00000,0x000000a3eaf00000)]
  0x0000021712215000 JavaThread "Cache worker for Build Output Cleanup Cache (C:\Users\DELL Latitude\Documents\EEShopping\.gradle\buildOutputCleanup)" [_thread_blocked, id=9724, stack(0x000000a3eab00000,0x000000a3eac00000)]
  0x0000021712216000 JavaThread "Unconstrained build operations" [_thread_blocked, id=7080, stack(0x000000a3eaf00000,0x000000a3eb000000)]
  0x0000021712210000 JavaThread "Unconstrained build operations Thread 2" [_thread_blocked, id=6732, stack(0x000000a3eb000000,0x000000a3eb100000)]
  0x0000021712216800 JavaThread "Unconstrained build operations Thread 3" [_thread_blocked, id=8112, stack(0x000000a3eb100000,0x000000a3eb200000)]
  0x0000021712211000 JavaThread "Unconstrained build operations Thread 4" [_thread_blocked, id=7848, stack(0x000000a3eb200000,0x000000a3eb300000)]
  0x000002171221a000 JavaThread "Unconstrained build operations Thread 5" [_thread_blocked, id=12740, stack(0x000000a3eb300000,0x000000a3eb400000)]
  0x000002171221b000 JavaThread "Unconstrained build operations Thread 6" [_thread_blocked, id=10988, stack(0x000000a3eb400000,0x000000a3eb500000)]
  0x000002171221b800 JavaThread "Unconstrained build operations Thread 7" [_thread_blocked, id=3972, stack(0x000000a3eb500000,0x000000a3eb600000)]
  0x0000021712217800 JavaThread "Unconstrained build operations Thread 8" [_thread_blocked, id=16144, stack(0x000000a3eb600000,0x000000a3eb700000)]
  0x0000021712218800 JavaThread "Unconstrained build operations Thread 9" [_thread_blocked, id=15344, stack(0x000000a3eb700000,0x000000a3eb800000)]
  0x0000021712219000 JavaThread "Unconstrained build operations Thread 10" [_thread_blocked, id=7124, stack(0x000000a3eb800000,0x000000a3eb900000)]
  0x000002171263b000 JavaThread "Unconstrained build operations Thread 11" [_thread_blocked, id=9880, stack(0x000000a3eb900000,0x000000a3eba00000)]
  0x0000021712640000 JavaThread "Unconstrained build operations Thread 12" [_thread_blocked, id=11148, stack(0x000000a3eba00000,0x000000a3ebb00000)]
  0x000002171263e000 JavaThread "Unconstrained build operations Thread 13" [_thread_blocked, id=10236, stack(0x000000a3ebb00000,0x000000a3ebc00000)]
  0x000002171263f000 JavaThread "Unconstrained build operations Thread 14" [_thread_blocked, id=4480, stack(0x000000a3ebc00000,0x000000a3ebd00000)]
  0x000002171263c800 JavaThread "Unconstrained build operations Thread 15" [_thread_blocked, id=592, stack(0x000000a3ebd00000,0x000000a3ebe00000)]
  0x000002171263a000 JavaThread "Unconstrained build operations Thread 16" [_thread_blocked, id=11548, stack(0x000000a3ebe00000,0x000000a3ebf00000)]
  0x0000021712640800 JavaThread "Unconstrained build operations Thread 17" [_thread_blocked, id=6820, stack(0x000000a3ebf00000,0x000000a3ec000000)]
  0x000002171263b800 JavaThread "Unconstrained build operations Thread 18" [_thread_blocked, id=14136, stack(0x000000a3ec000000,0x000000a3ec100000)]
  0x0000021712641800 JavaThread "Unconstrained build operations Thread 19" [_thread_blocked, id=1992, stack(0x000000a3ec100000,0x000000a3ec200000)]
  0x0000021712643000 JavaThread "Unconstrained build operations Thread 20" [_thread_blocked, id=10036, stack(0x000000a3ec200000,0x000000a3ec300000)]
  0x000002171263d800 JavaThread "Unconstrained build operations Thread 21" [_thread_blocked, id=7720, stack(0x000000a3ec300000,0x000000a3ec400000)]
  0x0000021712644000 JavaThread "Unconstrained build operations Thread 22" [_thread_blocked, id=15404, stack(0x000000a3ec400000,0x000000a3ec500000)]
  0x0000021712644800 JavaThread "Unconstrained build operations Thread 23" [_thread_blocked, id=14992, stack(0x000000a3ec500000,0x000000a3ec600000)]
  0x0000021712645800 JavaThread "Unconstrained build operations Thread 24" [_thread_blocked, id=11596, stack(0x000000a3ec600000,0x000000a3ec700000)]
  0x0000021712648000 JavaThread "Unconstrained build operations Thread 25" [_thread_blocked, id=8848, stack(0x000000a3ec700000,0x000000a3ec800000)]
  0x0000021712646800 JavaThread "Unconstrained build operations Thread 26" [_thread_blocked, id=2832, stack(0x000000a3ec800000,0x000000a3ec900000)]
  0x0000021712647000 JavaThread "Unconstrained build operations Thread 27" [_thread_blocked, id=2928, stack(0x000000a3ec900000,0x000000a3eca00000)]
  0x0000021712642000 JavaThread "Unconstrained build operations Thread 28" [_thread_blocked, id=8556, stack(0x000000a3eca00000,0x000000a3ecb00000)]
  0x0000021712648800 JavaThread "Unconstrained build operations Thread 29" [_thread_blocked, id=11772, stack(0x000000a3ecb00000,0x000000a3ecc00000)]
  0x0000021711dad000 JavaThread "Unconstrained build operations Thread 30" [_thread_blocked, id=7468, stack(0x000000a3ecc00000,0x000000a3ecd00000)]
  0x0000021711da9000 JavaThread "Unconstrained build operations Thread 31" [_thread_blocked, id=11112, stack(0x000000a3ecd00000,0x000000a3ece00000)]
  0x0000021711dab000 JavaThread "Unconstrained build operations Thread 32" [_thread_blocked, id=5700, stack(0x000000a3ece00000,0x000000a3ecf00000)]
  0x0000021711daa000 JavaThread "Unconstrained build operations Thread 33" [_thread_blocked, id=7328, stack(0x000000a3ecf00000,0x000000a3ed000000)]
  0x0000021711dac800 JavaThread "Unconstrained build operations Thread 34" [_thread_blocked, id=8692, stack(0x000000a3ed000000,0x000000a3ed100000)]
  0x0000021711dab800 JavaThread "Unconstrained build operations Thread 35" [_thread_blocked, id=1852, stack(0x000000a3ed100000,0x000000a3ed200000)]
  0x0000021711da7800 JavaThread "Unconstrained build operations Thread 36" [_thread_blocked, id=10888, stack(0x000000a3ed200000,0x000000a3ed300000)]
  0x0000021711dae000 JavaThread "Unconstrained build operations Thread 37" [_thread_blocked, id=9236, stack(0x000000a3ed300000,0x000000a3ed400000)]
  0x0000021711da8800 JavaThread "Unconstrained build operations Thread 38" [_thread_blocked, id=2260, stack(0x000000a3ed400000,0x000000a3ed500000)]
  0x0000021711db4800 JavaThread "Unconstrained build operations Thread 39" [_thread_blocked, id=7408, stack(0x000000a3ed500000,0x000000a3ed600000)]
  0x0000021711db3000 JavaThread "Unconstrained build operations Thread 40" [_thread_blocked, id=9524, stack(0x000000a3ed600000,0x000000a3ed700000)]
  0x0000021711daf800 JavaThread "jar transforms Thread 4" [_thread_blocked, id=1428, stack(0x000000a3ed800000,0x000000a3ed900000)]
  0x0000021711db2000 JavaThread "Memory manager" [_thread_blocked, id=14640, stack(0x000000a3ed700000,0x000000a3ed800000)]

Other Threads:
  0x000002177e982800 VMThread "VM Thread" [stack: 0x000000a3e8700000,0x000000a3e8800000] [id=6084]
  0x000002177f399800 WatcherThread [stack: 0x000000a3e9100000,0x000000a3e9200000] [id=16068]
  0x000002176fe87800 GCTaskThread "GC Thread#0" [stack: 0x000000a3e8200000,0x000000a3e8300000] [id=9560]
  0x000002177f7ef800 GCTaskThread "GC Thread#1" [stack: 0x000000a3e9300000,0x000000a3e9400000] [id=10536]
  0x000002177f909800 GCTaskThread "GC Thread#2" [stack: 0x000000a3e9400000,0x000000a3e9500000] [id=13984]
  0x00000217113af800 GCTaskThread "GC Thread#3" [stack: 0x000000a3e9e00000,0x000000a3e9f00000] [id=6988]
  0x000002176fef0000 ConcurrentGCThread "G1 Main Marker" [stack: 0x000000a3e8300000,0x000000a3e8400000] [id=2604]
  0x000002176fef1000 ConcurrentGCThread "G1 Conc#0" [stack: 0x000000a3e8400000,0x000000a3e8500000] [id=7156]
  0x000002176ff4e000 ConcurrentGCThread "G1 Refine#0" [stack: 0x000000a3e8500000,0x000000a3e8600000] [id=7096]
  0x000002177e7ea800 ConcurrentGCThread "G1 Young RemSet Sampling" [stack: 0x000000a3e8600000,0x000000a3e8700000] [id=6956]

Threads with active compile tasks:
C2 CompilerThread0  24431 6266 % !   4       java.util.jar.Attributes::read @ 186 (390 bytes)

VM state:not at safepoint (normal execution)

VM Mutex/Monitor currently owned by a thread: None

Heap address: 0x00000006e0000000, size: 4608 MB, Compressed Oops mode: Zero based, Oop shift amount: 3
Narrow klass base: 0x0000000800000000, Narrow klass shift: 0
Compressed class space size: 1073741824 Address: 0x0000000800000000

Heap:
 garbage-first heap   total 157696K, used 57154K [0x00000006e0000000, 0x0000000800000000)
  region size 1024K, 4 young (4096K), 3 survivors (3072K)
 Metaspace       used 62154K, capacity 63717K, committed 64000K, reserved 1128448K
  class space    used 7843K, capacity 8393K, committed 8448K, reserved 1048576K
Heap Regions: E=young(eden), S=young(survivor), O=old, HS=humongous(starts), HC=humongous(continues), CS=collection set, F=free, A=archive, TAMS=top-at-mark-start (previous, next)
|   0|0x00000006e0000000, 0x00000006e0100000, 0x00000006e0100000|100%|HS|  |TAMS 0x00000006e0100000, 0x00000006e0100000| Complete 
|   1|0x00000006e0100000, 0x00000006e0200000, 0x00000006e0200000|100%|HC|  |TAMS 0x00000006e0200000, 0x00000006e0200000| Complete 
|   2|0x00000006e0200000, 0x00000006e0300000, 0x00000006e0300000|100%|HC|  |TAMS 0x00000006e0300000, 0x00000006e0300000| Complete 
|   3|0x00000006e0300000, 0x00000006e0400000, 0x00000006e0400000|100%| O|  |TAMS 0x00000006e0400000, 0x00000006e0400000| Untracked 
|   4|0x00000006e0400000, 0x00000006e0500000, 0x00000006e0500000|100%| O|  |TAMS 0x00000006e0500000, 0x00000006e0500000| Untracked 
|   5|0x00000006e0500000, 0x00000006e0600000, 0x00000006e0600000|100%| O|  |TAMS 0x00000006e0600000, 0x00000006e0600000| Untracked 
|   6|0x00000006e0600000, 0x00000006e0700000, 0x00000006e0700000|100%| O|  |TAMS 0x00000006e0700000, 0x00000006e0700000| Untracked 
|   7|0x00000006e0700000, 0x00000006e0800000, 0x00000006e0800000|100%| O|  |TAMS 0x00000006e0800000, 0x00000006e0800000| Untracked 
|   8|0x00000006e0800000, 0x00000006e0900000, 0x00000006e0900000|100%| O|  |TAMS 0x00000006e0900000, 0x00000006e0900000| Untracked 
|   9|0x00000006e0900000, 0x00000006e0a00000, 0x00000006e0a00000|100%| O|  |TAMS 0x00000006e0a00000, 0x00000006e0a00000| Untracked 
|  10|0x00000006e0a00000, 0x00000006e0b00000, 0x00000006e0b00000|100%| O|  |TAMS 0x00000006e0b00000, 0x00000006e0b00000| Untracked 
|  11|0x00000006e0b00000, 0x00000006e0c00000, 0x00000006e0c00000|100%| O|  |TAMS 0x00000006e0c00000, 0x00000006e0c00000| Untracked 
|  12|0x00000006e0c00000, 0x00000006e0d00000, 0x00000006e0d00000|100%| O|  |TAMS 0x00000006e0d00000, 0x00000006e0d00000| Untracked 
|  13|0x00000006e0d00000, 0x00000006e0e00000, 0x00000006e0e00000|100%| O|  |TAMS 0x00000006e0e00000, 0x00000006e0e00000| Untracked 
|  14|0x00000006e0e00000, 0x00000006e0f00000, 0x00000006e0f00000|100%| O|  |TAMS 0x00000006e0f00000, 0x00000006e0f00000| Untracked 
|  15|0x00000006e0f00000, 0x00000006e1000000, 0x00000006e1000000|100%| O|  |TAMS 0x00000006e1000000, 0x00000006e1000000| Untracked 
|  16|0x00000006e1000000, 0x00000006e1100000, 0x00000006e1100000|100%|HS|  |TAMS 0x00000006e1100000, 0x00000006e1100000| Complete 
|  17|0x00000006e1100000, 0x00000006e1200000, 0x00000006e1200000|100%| O|  |TAMS 0x00000006e1200000, 0x00000006e1200000| Untracked 
|  18|0x00000006e1200000, 0x00000006e1300000, 0x00000006e1300000|100%| O|  |TAMS 0x00000006e1300000, 0x00000006e1300000| Untracked 
|  19|0x00000006e1300000, 0x00000006e1400000, 0x00000006e1400000|100%| O|  |TAMS 0x00000006e1400000, 0x00000006e1400000| Untracked 
|  20|0x00000006e1400000, 0x00000006e1500000, 0x00000006e1500000|100%| O|  |TAMS 0x00000006e1500000, 0x00000006e1500000| Untracked 
|  21|0x00000006e1500000, 0x00000006e1600000, 0x00000006e1600000|100%| O|  |TAMS 0x00000006e1600000, 0x00000006e1600000| Untracked 
|  22|0x00000006e1600000, 0x00000006e1700000, 0x00000006e1700000|100%| O|  |TAMS 0x00000006e1700000, 0x00000006e1700000| Untracked 
|  23|0x00000006e1700000, 0x00000006e1800000, 0x00000006e1800000|100%| O|  |TAMS 0x00000006e1800000, 0x00000006e1800000| Untracked 
|  24|0x00000006e1800000, 0x00000006e1900000, 0x00000006e1900000|100%| O|  |TAMS 0x00000006e1900000, 0x00000006e1900000| Untracked 
|  25|0x00000006e1900000, 0x00000006e1a00000, 0x00000006e1a00000|100%| O|  |TAMS 0x00000006e1a00000, 0x00000006e1a00000| Untracked 
|  26|0x00000006e1a00000, 0x00000006e1b00000, 0x00000006e1b00000|100%| O|  |TAMS 0x00000006e1b00000, 0x00000006e1b00000| Untracked 
|  27|0x00000006e1b00000, 0x00000006e1c00000, 0x00000006e1c00000|100%|HS|  |TAMS 0x00000006e1c00000, 0x00000006e1c00000| Complete 
|  28|0x00000006e1c00000, 0x00000006e1d00000, 0x00000006e1d00000|100%| O|  |TAMS 0x00000006e1d00000, 0x00000006e1d00000| Untracked 
|  29|0x00000006e1d00000, 0x00000006e1e00000, 0x00000006e1e00000|100%|HS|  |TAMS 0x00000006e1e00000, 0x00000006e1e00000| Complete 
|  30|0x00000006e1e00000, 0x00000006e1f00000, 0x00000006e1f00000|100%|HS|  |TAMS 0x00000006e1f00000, 0x00000006e1f00000| Complete 
|  31|0x00000006e1f00000, 0x00000006e2000000, 0x00000006e2000000|100%|HC|  |TAMS 0x00000006e2000000, 0x00000006e2000000| Complete 
|  32|0x00000006e2000000, 0x00000006e2100000, 0x00000006e2100000|100%|HC|  |TAMS 0x00000006e2100000, 0x00000006e2100000| Complete 
|  33|0x00000006e2100000, 0x00000006e2200000, 0x00000006e2200000|100%|HS|  |TAMS 0x00000006e2200000, 0x00000006e2200000| Complete 
|  34|0x00000006e2200000, 0x00000006e2300000, 0x00000006e2300000|100%|HC|  |TAMS 0x00000006e2300000, 0x00000006e2300000| Complete 
|  35|0x00000006e2300000, 0x00000006e2400000, 0x00000006e2400000|100%| O|  |TAMS 0x00000006e2400000, 0x00000006e2400000| Untracked 
|  36|0x00000006e2400000, 0x00000006e2500000, 0x00000006e2500000|100%| O|  |TAMS 0x00000006e2500000, 0x00000006e2500000| Untracked 
|  37|0x00000006e2500000, 0x00000006e2600000, 0x00000006e2600000|100%| O|  |TAMS 0x00000006e2600000, 0x00000006e2600000| Untracked 
|  38|0x00000006e2600000, 0x00000006e2700000, 0x00000006e2700000|100%| O|  |TAMS 0x00000006e2700000, 0x00000006e2700000| Untracked 
|  39|0x00000006e2700000, 0x00000006e2800000, 0x00000006e2800000|100%| O|  |TAMS 0x00000006e2800000, 0x00000006e2800000| Untracked 
|  40|0x00000006e2800000, 0x00000006e2900000, 0x00000006e2900000|100%| O|  |TAMS 0x00000006e2900000, 0x00000006e2900000| Untracked 
|  41|0x00000006e2900000, 0x00000006e2a00000, 0x00000006e2a00000|100%| O|  |TAMS 0x00000006e2a00000, 0x00000006e2a00000| Untracked 
|  42|0x00000006e2a00000, 0x00000006e2b00000, 0x00000006e2b00000|100%| O|  |TAMS 0x00000006e2b00000, 0x00000006e2b00000| Untracked 
|  43|0x00000006e2b00000, 0x00000006e2c00000, 0x00000006e2c00000|100%| O|  |TAMS 0x00000006e2c00000, 0x00000006e2c00000| Untracked 
|  44|0x00000006e2c00000, 0x00000006e2d00000, 0x00000006e2d00000|100%| O|  |TAMS 0x00000006e2d00000, 0x00000006e2d00000| Untracked 
|  45|0x00000006e2d00000, 0x00000006e2e00000, 0x00000006e2e00000|100%| O|  |TAMS 0x00000006e2e00000, 0x00000006e2e00000| Untracked 
|  46|0x00000006e2e00000, 0x00000006e2f00000, 0x00000006e2f00000|100%| O|  |TAMS 0x00000006e2f00000, 0x00000006e2f00000| Untracked 
|  47|0x00000006e2f00000, 0x00000006e3000000, 0x00000006e3000000|100%| O|  |TAMS 0x00000006e3000000, 0x00000006e3000000| Untracked 
|  48|0x00000006e3000000, 0x00000006e3100000, 0x00000006e3100000|100%| O|  |TAMS 0x00000006e3100000, 0x00000006e3100000| Untracked 
|  49|0x00000006e3100000, 0x00000006e3200000, 0x00000006e3200000|100%| O|  |TAMS 0x00000006e3200000, 0x00000006e3200000| Untracked 
|  50|0x00000006e3200000, 0x00000006e3300000, 0x00000006e3300000|100%| O|  |TAMS 0x00000006e3300000, 0x00000006e3300000| Untracked 
|  51|0x00000006e3300000, 0x00000006e3400000, 0x00000006e3400000|100%| O|  |TAMS 0x00000006e3400000, 0x00000006e3400000| Untracked 
|  52|0x00000006e3400000, 0x00000006e3500000, 0x00000006e3500000|100%| O|  |TAMS 0x00000006e3500000, 0x00000006e3500000| Untracked 
|  53|0x00000006e3500000, 0x00000006e3558a00, 0x00000006e3600000| 34%| O|  |TAMS 0x00000006e3558a00, 0x00000006e3558a00| Untracked 
|  54|0x00000006e3600000, 0x00000006e3600000, 0x00000006e3700000|  0%| F|  |TAMS 0x00000006e3600000, 0x00000006e3600000| Untracked 
|  55|0x00000006e3700000, 0x00000006e3700000, 0x00000006e3800000|  0%| F|  |TAMS 0x00000006e3700000, 0x00000006e3700000| Untracked 
|  56|0x00000006e3800000, 0x00000006e3800000, 0x00000006e3900000|  0%| F|  |TAMS 0x00000006e3800000, 0x00000006e3800000| Untracked 
|  57|0x00000006e3900000, 0x00000006e3900000, 0x00000006e3a00000|  0%| F|  |TAMS 0x00000006e3900000, 0x00000006e3900000| Untracked 
|  58|0x00000006e3a00000, 0x00000006e3a00000, 0x00000006e3b00000|  0%| F|  |TAMS 0x00000006e3a00000, 0x00000006e3a00000| Untracked 
|  59|0x00000006e3b00000, 0x00000006e3b00000, 0x00000006e3c00000|  0%| F|  |TAMS 0x00000006e3b00000, 0x00000006e3b00000| Untracked 
|  60|0x00000006e3c00000, 0x00000006e3c00000, 0x00000006e3d00000|  0%| F|  |TAMS 0x00000006e3c00000, 0x00000006e3c00000| Untracked 
|  61|0x00000006e3d00000, 0x00000006e3d00000, 0x00000006e3e00000|  0%| F|  |TAMS 0x00000006e3d00000, 0x00000006e3d00000| Untracked 
|  62|0x00000006e3e00000, 0x00000006e3e00000, 0x00000006e3f00000|  0%| F|  |TAMS 0x00000006e3e00000, 0x00000006e3e00000| Untracked 
|  63|0x00000006e3f00000, 0x00000006e3f00000, 0x00000006e4000000|  0%| F|  |TAMS 0x00000006e3f00000, 0x00000006e3f00000| Untracked 
|  64|0x00000006e4000000, 0x00000006e4000000, 0x00000006e4100000|  0%| F|  |TAMS 0x00000006e4000000, 0x00000006e4000000| Untracked 
|  65|0x00000006e4100000, 0x00000006e4100000, 0x00000006e4200000|  0%| F|  |TAMS 0x00000006e4100000, 0x00000006e4100000| Untracked 
|  66|0x00000006e4200000, 0x00000006e4200000, 0x00000006e4300000|  0%| F|  |TAMS 0x00000006e4200000, 0x00000006e4200000| Untracked 
|  67|0x00000006e4300000, 0x00000006e4300000, 0x00000006e4400000|  0%| F|  |TAMS 0x00000006e4300000, 0x00000006e4300000| Untracked 
|  68|0x00000006e4400000, 0x00000006e4400000, 0x00000006e4500000|  0%| F|  |TAMS 0x00000006e4400000, 0x00000006e4400000| Untracked 
|  69|0x00000006e4500000, 0x00000006e4500000, 0x00000006e4600000|  0%| F|  |TAMS 0x00000006e4500000, 0x00000006e4500000| Untracked 
|  70|0x00000006e4600000, 0x00000006e4600000, 0x00000006e4700000|  0%| F|  |TAMS 0x00000006e4600000, 0x00000006e4600000| Untracked 
|  71|0x00000006e4700000, 0x00000006e4700000, 0x00000006e4800000|  0%| F|  |TAMS 0x00000006e4700000, 0x00000006e4700000| Untracked 
|  72|0x00000006e4800000, 0x00000006e4800000, 0x00000006e4900000|  0%| F|  |TAMS 0x00000006e4800000, 0x00000006e4800000| Untracked 
|  73|0x00000006e4900000, 0x00000006e4900000, 0x00000006e4a00000|  0%| F|  |TAMS 0x00000006e4900000, 0x00000006e4900000| Untracked 
|  74|0x00000006e4a00000, 0x00000006e4a00000, 0x00000006e4b00000|  0%| F|  |TAMS 0x00000006e4a00000, 0x00000006e4a00000| Untracked 
|  75|0x00000006e4b00000, 0x00000006e4b00000, 0x00000006e4c00000|  0%| F|  |TAMS 0x00000006e4b00000, 0x00000006e4b00000| Untracked 
|  76|0x00000006e4c00000, 0x00000006e4c00000, 0x00000006e4d00000|  0%| F|  |TAMS 0x00000006e4c00000, 0x00000006e4c00000| Untracked 
|  77|0x00000006e4d00000, 0x00000006e4d00000, 0x00000006e4e00000|  0%| F|  |TAMS 0x00000006e4d00000, 0x00000006e4d00000| Untracked 
|  78|0x00000006e4e00000, 0x00000006e4e00000, 0x00000006e4f00000|  0%| F|  |TAMS 0x00000006e4e00000, 0x00000006e4e00000| Untracked 
|  79|0x00000006e4f00000, 0x00000006e4f00000, 0x00000006e5000000|  0%| F|  |TAMS 0x00000006e4f00000, 0x00000006e4f00000| Untracked 
|  80|0x00000006e5000000, 0x00000006e5000000, 0x00000006e5100000|  0%| F|  |TAMS 0x00000006e5000000, 0x00000006e5000000| Untracked 
|  81|0x00000006e5100000, 0x00000006e5100000, 0x00000006e5200000|  0%| F|  |TAMS 0x00000006e5100000, 0x00000006e5100000| Untracked 
|  82|0x00000006e5200000, 0x00000006e5200000, 0x00000006e5300000|  0%| F|  |TAMS 0x00000006e5200000, 0x00000006e5200000| Untracked 
|  83|0x00000006e5300000, 0x00000006e5300000, 0x00000006e5400000|  0%| F|  |TAMS 0x00000006e5300000, 0x00000006e5300000| Untracked 
|  84|0x00000006e5400000, 0x00000006e5400000, 0x00000006e5500000|  0%| F|  |TAMS 0x00000006e5400000, 0x00000006e5400000| Untracked 
|  85|0x00000006e5500000, 0x00000006e5500000, 0x00000006e5600000|  0%| F|  |TAMS 0x00000006e5500000, 0x00000006e5500000| Untracked 
|  86|0x00000006e5600000, 0x00000006e5600000, 0x00000006e5700000|  0%| F|  |TAMS 0x00000006e5600000, 0x00000006e5600000| Untracked 
|  87|0x00000006e5700000, 0x00000006e5700000, 0x00000006e5800000|  0%| F|  |TAMS 0x00000006e5700000, 0x00000006e5700000| Untracked 
|  88|0x00000006e5800000, 0x00000006e5800000, 0x00000006e5900000|  0%| F|  |TAMS 0x00000006e5800000, 0x00000006e5800000| Untracked 
|  89|0x00000006e5900000, 0x00000006e5900000, 0x00000006e5a00000|  0%| F|  |TAMS 0x00000006e5900000, 0x00000006e5900000| Untracked 
|  90|0x00000006e5a00000, 0x00000006e5a00000, 0x00000006e5b00000|  0%| F|  |TAMS 0x00000006e5a00000, 0x00000006e5a00000| Untracked 
|  91|0x00000006e5b00000, 0x00000006e5b00000, 0x00000006e5c00000|  0%| F|  |TAMS 0x00000006e5b00000, 0x00000006e5b00000| Untracked 
|  92|0x00000006e5c00000, 0x00000006e5c00000, 0x00000006e5d00000|  0%| F|  |TAMS 0x00000006e5c00000, 0x00000006e5c00000| Untracked 
|  93|0x00000006e5d00000, 0x00000006e5d00000, 0x00000006e5e00000|  0%| F|  |TAMS 0x00000006e5d00000, 0x00000006e5d00000| Untracked 
|  94|0x00000006e5e00000, 0x00000006e5e00000, 0x00000006e5f00000|  0%| F|  |TAMS 0x00000006e5e00000, 0x00000006e5e00000| Untracked 
|  95|0x00000006e5f00000, 0x00000006e5f00000, 0x00000006e6000000|  0%| F|  |TAMS 0x00000006e5f00000, 0x00000006e5f00000| Untracked 
|  96|0x00000006e6000000, 0x00000006e6000000, 0x00000006e6100000|  0%| F|  |TAMS 0x00000006e6000000, 0x00000006e6000000| Untracked 
|  97|0x00000006e6100000, 0x00000006e6100000, 0x00000006e6200000|  0%| F|  |TAMS 0x00000006e6100000, 0x00000006e6100000| Untracked 
|  98|0x00000006e6200000, 0x00000006e6200000, 0x00000006e6300000|  0%| F|  |TAMS 0x00000006e6200000, 0x00000006e6200000| Untracked 
|  99|0x00000006e6300000, 0x00000006e6300000, 0x00000006e6400000|  0%| F|  |TAMS 0x00000006e6300000, 0x00000006e6300000| Untracked 
| 100|0x00000006e6400000, 0x00000006e6400000, 0x00000006e6500000|  0%| F|  |TAMS 0x00000006e6400000, 0x00000006e6400000| Untracked 
| 101|0x00000006e6500000, 0x00000006e6500000, 0x00000006e6600000|  0%| F|  |TAMS 0x00000006e6500000, 0x00000006e6500000| Untracked 
| 102|0x00000006e6600000, 0x00000006e6600000, 0x00000006e6700000|  0%| F|  |TAMS 0x00000006e6600000, 0x00000006e6600000| Untracked 
| 103|0x00000006e6700000, 0x00000006e6700000, 0x00000006e6800000|  0%| F|  |TAMS 0x00000006e6700000, 0x00000006e6700000| Untracked 
| 104|0x00000006e6800000, 0x00000006e6800000, 0x00000006e6900000|  0%| F|  |TAMS 0x00000006e6800000, 0x00000006e6800000| Untracked 
| 105|0x00000006e6900000, 0x00000006e6900000, 0x00000006e6a00000|  0%| F|  |TAMS 0x00000006e6900000, 0x00000006e6900000| Untracked 
| 106|0x00000006e6a00000, 0x00000006e6a00000, 0x00000006e6b00000|  0%| F|  |TAMS 0x00000006e6a00000, 0x00000006e6a00000| Untracked 
| 107|0x00000006e6b00000, 0x00000006e6b00000, 0x00000006e6c00000|  0%| F|  |TAMS 0x00000006e6b00000, 0x00000006e6b00000| Untracked 
| 108|0x00000006e6c00000, 0x00000006e6c00000, 0x00000006e6d00000|  0%| F|  |TAMS 0x00000006e6c00000, 0x00000006e6c00000| Untracked 
| 109|0x00000006e6d00000, 0x00000006e6d00000, 0x00000006e6e00000|  0%| F|  |TAMS 0x00000006e6d00000, 0x00000006e6d00000| Untracked 
| 110|0x00000006e6e00000, 0x00000006e6e00000, 0x00000006e6f00000|  0%| F|  |TAMS 0x00000006e6e00000, 0x00000006e6e00000| Untracked 
| 111|0x00000006e6f00000, 0x00000006e6f00000, 0x00000006e7000000|  0%| F|  |TAMS 0x00000006e6f00000, 0x00000006e6f00000| Untracked 
| 112|0x00000006e7000000, 0x00000006e7000000, 0x00000006e7100000|  0%| F|  |TAMS 0x00000006e7000000, 0x00000006e7000000| Untracked 
| 113|0x00000006e7100000, 0x00000006e7100000, 0x00000006e7200000|  0%| F|  |TAMS 0x00000006e7100000, 0x00000006e7100000| Untracked 
| 114|0x00000006e7200000, 0x00000006e7200000, 0x00000006e7300000|  0%| F|  |TAMS 0x00000006e7200000, 0x00000006e7200000| Untracked 
| 115|0x00000006e7300000, 0x00000006e7300000, 0x00000006e7400000|  0%| F|  |TAMS 0x00000006e7300000, 0x00000006e7300000| Untracked 
| 116|0x00000006e7400000, 0x00000006e7400000, 0x00000006e7500000|  0%| F|  |TAMS 0x00000006e7400000, 0x00000006e7400000| Untracked 
| 117|0x00000006e7500000, 0x00000006e7500000, 0x00000006e7600000|  0%| F|  |TAMS 0x00000006e7500000, 0x00000006e7500000| Untracked 
| 118|0x00000006e7600000, 0x00000006e7600000, 0x00000006e7700000|  0%| F|  |TAMS 0x00000006e7600000, 0x00000006e7600000| Untracked 
| 119|0x00000006e7700000, 0x00000006e7700000, 0x00000006e7800000|  0%| F|  |TAMS 0x00000006e7700000, 0x00000006e7700000| Untracked 
| 120|0x00000006e7800000, 0x00000006e7800000, 0x00000006e7900000|  0%| F|  |TAMS 0x00000006e7800000, 0x00000006e7800000| Untracked 
| 121|0x00000006e7900000, 0x00000006e7900000, 0x00000006e7a00000|  0%| F|  |TAMS 0x00000006e7900000, 0x00000006e7900000| Untracked 
| 122|0x00000006e7a00000, 0x00000006e7a00000, 0x00000006e7b00000|  0%| F|  |TAMS 0x00000006e7a00000, 0x00000006e7a00000| Untracked 
| 123|0x00000006e7b00000, 0x00000006e7b00000, 0x00000006e7c00000|  0%| F|  |TAMS 0x00000006e7b00000, 0x00000006e7b00000| Untracked 
| 124|0x00000006e7c00000, 0x00000006e7c00000, 0x00000006e7d00000|  0%| F|  |TAMS 0x00000006e7c00000, 0x00000006e7c00000| Untracked 
| 125|0x00000006e7d00000, 0x00000006e7d00000, 0x00000006e7e00000|  0%| F|  |TAMS 0x00000006e7d00000, 0x00000006e7d00000| Untracked 
| 126|0x00000006e7e00000, 0x00000006e7e00000, 0x00000006e7f00000|  0%| F|  |TAMS 0x00000006e7e00000, 0x00000006e7e00000| Untracked 
| 127|0x00000006e7f00000, 0x00000006e7f00000, 0x00000006e8000000|  0%| F|  |TAMS 0x00000006e7f00000, 0x00000006e7f00000| Untracked 
| 128|0x00000006e8000000, 0x00000006e8000000, 0x00000006e8100000|  0%| F|  |TAMS 0x00000006e8000000, 0x00000006e8000000| Untracked 
| 129|0x00000006e8100000, 0x00000006e8100000, 0x00000006e8200000|  0%| F|  |TAMS 0x00000006e8100000, 0x00000006e8100000| Untracked 
| 130|0x00000006e8200000, 0x00000006e8200000, 0x00000006e8300000|  0%| F|  |TAMS 0x00000006e8200000, 0x00000006e8200000| Untracked 
| 131|0x00000006e8300000, 0x00000006e8300000, 0x00000006e8400000|  0%| F|  |TAMS 0x00000006e8300000, 0x00000006e8300000| Untracked 
| 132|0x00000006e8400000, 0x00000006e8400000, 0x00000006e8500000|  0%| F|  |TAMS 0x00000006e8400000, 0x00000006e8400000| Untracked 
| 133|0x00000006e8500000, 0x00000006e8500000, 0x00000006e8600000|  0%| F|  |TAMS 0x00000006e8500000, 0x00000006e8500000| Untracked 
| 134|0x00000006e8600000, 0x00000006e8600000, 0x00000006e8700000|  0%| F|  |TAMS 0x00000006e8600000, 0x00000006e8600000| Untracked 
| 135|0x00000006e8700000, 0x00000006e8700000, 0x00000006e8800000|  0%| F|  |TAMS 0x00000006e8700000, 0x00000006e8700000| Untracked 
| 136|0x00000006e8800000, 0x00000006e8800000, 0x00000006e8900000|  0%| F|  |TAMS 0x00000006e8800000, 0x00000006e8800000| Untracked 
| 137|0x00000006e8900000, 0x00000006e8900000, 0x00000006e8a00000|  0%| F|  |TAMS 0x00000006e8900000, 0x00000006e8900000| Untracked 
| 138|0x00000006e8a00000, 0x00000006e8a00000, 0x00000006e8b00000|  0%| F|  |TAMS 0x00000006e8a00000, 0x00000006e8a00000| Untracked 
| 139|0x00000006e8b00000, 0x00000006e8b00000, 0x00000006e8c00000|  0%| F|  |TAMS 0x00000006e8b00000, 0x00000006e8b00000| Untracked 
| 140|0x00000006e8c00000, 0x00000006e8c00000, 0x00000006e8d00000|  0%| F|  |TAMS 0x00000006e8c00000, 0x00000006e8c00000| Untracked 
| 141|0x00000006e8d00000, 0x00000006e8d00000, 0x00000006e8e00000|  0%| F|  |TAMS 0x00000006e8d00000, 0x00000006e8d00000| Untracked 
| 142|0x00000006e8e00000, 0x00000006e8e00000, 0x00000006e8f00000|  0%| F|  |TAMS 0x00000006e8e00000, 0x00000006e8e00000| Untracked 
| 143|0x00000006e8f00000, 0x00000006e8f00000, 0x00000006e9000000|  0%| F|  |TAMS 0x00000006e8f00000, 0x00000006e8f00000| Untracked 
| 144|0x00000006e9000000, 0x00000006e9000000, 0x00000006e9100000|  0%| F|  |TAMS 0x00000006e9000000, 0x00000006e9000000| Untracked 
| 145|0x00000006e9100000, 0x00000006e9100000, 0x00000006e9200000|  0%| F|  |TAMS 0x00000006e9100000, 0x00000006e9100000| Untracked 
| 146|0x00000006e9200000, 0x00000006e9200000, 0x00000006e9300000|  0%| F|  |TAMS 0x00000006e9200000, 0x00000006e9200000| Untracked 
| 147|0x00000006e9300000, 0x00000006e9300000, 0x00000006e9400000|  0%| F|  |TAMS 0x00000006e9300000, 0x00000006e9300000| Untracked 
| 148|0x00000006e9400000, 0x00000006e9400000, 0x00000006e9500000|  0%| F|  |TAMS 0x00000006e9400000, 0x00000006e9400000| Untracked 
| 149|0x00000006e9500000, 0x00000006e9578000, 0x00000006e9600000| 46%| S|CS|TAMS 0x00000006e9500000, 0x00000006e9500000| Complete 
| 150|0x00000006e9600000, 0x00000006e9700000, 0x00000006e9700000|100%| S|CS|TAMS 0x00000006e9600000, 0x00000006e9600000| Complete 
| 151|0x00000006e9700000, 0x00000006e9800000, 0x00000006e9800000|100%| S|CS|TAMS 0x00000006e9700000, 0x00000006e9700000| Complete 
| 152|0x00000006e9800000, 0x00000006e9800000, 0x00000006e9900000|  0%| F|  |TAMS 0x00000006e9800000, 0x00000006e9800000| Untracked 
| 153|0x00000006e9900000, 0x00000006e9983280, 0x00000006e9a00000| 51%| E|  |TAMS 0x00000006e9900000, 0x00000006e9900000| Complete 

Card table byte_map: [0x0000021774280000,0x0000021774b80000] _byte_map_base: 0x0000021770b80000

Marking Bits (Prev, Next): (CMBitMap*) 0x000002176fedd1d8, (CMBitMap*) 0x000002176fedd210
 Prev Bits: [0x0000021775480000, 0x0000021779c80000)
 Next Bits: [0x0000021779c80000, 0x000002177e480000)

Polling page: 0x000002176dc70000

Metaspace:

Usage:
  Non-class:     54.03 MB capacity,    53.07 MB ( 98%) used,   819.19 KB (  1%) free+waste,   160.56 KB ( <1%) overhead. 
      Class:      8.20 MB capacity,     7.67 MB ( 94%) used,   468.71 KB (  6%) free+waste,    75.25 KB ( <1%) overhead. 
       Both:     62.22 MB capacity,    60.74 MB ( 98%) used,     1.26 MB (  2%) free+waste,   235.81 KB ( <1%) overhead. 

Virtual space:
  Non-class space:       78.00 MB reserved,      54.25 MB ( 70%) committed 
      Class space:        1.00 GB reserved,       8.25 MB ( <1%) committed 
             Both:        1.08 GB reserved,      62.50 MB (  6%) committed 

Chunk freelists:
   Non-Class:  36.00 KB
       Class:  23.00 KB
        Both:  59.00 KB

MaxMetaspaceSize: 17179869184.00 GB
CompressedClassSpaceSize: 1.00 GB
Initial GC threshold: 20.80 MB
Current GC threshold: 103.66 MB
CDS: off

CodeHeap 'non-profiled nmethods': size=120064Kb used=3526Kb max_used=3526Kb free=116537Kb
 bounds [0x0000021707ac0000, 0x0000021707e40000, 0x000002170f000000]
CodeHeap 'profiled nmethods': size=120000Kb used=13649Kb max_used=13649Kb free=106350Kb
 bounds [0x0000021700590000, 0x00000217012f0000, 0x0000021707ac0000]
CodeHeap 'non-nmethods': size=5696Kb used=2340Kb max_used=2369Kb free=3355Kb
 bounds [0x0000021700000000, 0x0000021700270000, 0x0000021700590000]
 total_blobs=7146 nmethods=6306 adapters=752
 compilation: enabled
              stopped_count=0, restarted_count=0
 full_count=0

Compilation events (20 events):
Event: 24.054 Thread 0x000002177f21a000 6275 %     4       sun.security.util.ManifestDigester::findSection @ 20 (180 bytes)
Event: 24.060 Thread 0x000002177f21a000 nmethod 6275% 0x0000021707e30710 code [0x0000021707e308c0, 0x0000021707e30bb8]
Event: 24.060 Thread 0x000002177f21a000 6266 % !   4       java.util.jar.Attributes::read @ 186 (390 bytes)
Event: 24.084 Thread 0x000002177f21e000 6277       3       sun.security.util.ObjectIdentifier::pack7Oid (84 bytes)
Event: 24.085 Thread 0x000002177f21e000 nmethod 6277 0x00000217012c7690 code [0x00000217012c7860, 0x00000217012c7b98]
Event: 24.085 Thread 0x000002177f21e000 6278       3       sun.security.util.ObjectIdentifier::pack (219 bytes)
Event: 24.086 Thread 0x000002177f21e000 nmethod 6278 0x00000217012c7d10 code [0x00000217012c7f00, 0x00000217012c8548]
Event: 24.086 Thread 0x000002177f21e000 6276       3       sun.security.util.ObjectIdentifier::pack7Oid (42 bytes)
Event: 24.087 Thread 0x000002177f21e000 nmethod 6276 0x00000217012c8790 code [0x00000217012c8940, 0x00000217012c8b28]
Event: 24.196 Thread 0x000002177f21e000 6280       3       sun.security.util.ObjectIdentifier::checkOidSize (51 bytes)
Event: 24.197 Thread 0x000002177f21e000 nmethod 6280 0x00000217012c8c10 code [0x00000217012c8ec0, 0x00000217012c9948]
Event: 24.197 Thread 0x000002177f21e000 6281       3       sun.security.util.ObjectIdentifier::checkOtherComponent (39 bytes)
Event: 24.198 Thread 0x000002177f21e000 nmethod 6281 0x00000217012c9d10 code [0x00000217012c9f80, 0x00000217012ca8a8]
Event: 24.216 Thread 0x000002177f21e000 6282       3       java.lang.invoke.MethodType::listToArray (22 bytes)
Event: 24.217 Thread 0x000002177f21e000 nmethod 6282 0x00000217012cac10 code [0x00000217012cae60, 0x00000217012cb648]
Event: 24.217 Thread 0x000002177f21e000 6283  s    2       java.io.ByteArrayOutputStream::write (32 bytes)
Event: 24.217 Thread 0x000002177f21e000 nmethod 6283 0x00000217012cb910 code [0x00000217012cbae0, 0x00000217012cbde8]
Event: 24.217 Thread 0x000002177f21e000 6284  s    3       java.io.ByteArrayInputStream::available (10 bytes)
Event: 24.218 Thread 0x000002177f21e000 nmethod 6284 0x00000217012cbf10 code [0x00000217012cc0c0, 0x00000217012cc358]
Event: 24.218 Thread 0x000002177f21e000 6285       3       java.io.ByteArrayInputStream::mark (9 bytes)

GC Heap History (20 events):
Event: 5.423 GC heap before
{Heap before GC invocations=3 (full 0):
 garbage-first heap   total 131072K, used 54895K [0x00000006e0000000, 0x0000000800000000)
  region size 1024K, 46 young (47104K), 4 survivors (4096K)
 Metaspace       used 17440K, capacity 17823K, committed 18176K, reserved 1064960K
  class space    used 2053K, capacity 2177K, committed 2304K, reserved 1048576K
}
Event: 5.432 GC heap after
{Heap after GC invocations=4 (full 0):
 garbage-first heap   total 131072K, used 15920K [0x00000006e0000000, 0x0000000800000000)
  region size 1024K, 6 young (6144K), 6 survivors (6144K)
 Metaspace       used 17440K, capacity 17823K, committed 18176K, reserved 1064960K
  class space    used 2053K, capacity 2177K, committed 2304K, reserved 1048576K
}
Event: 5.988 GC heap before
{Heap before GC invocations=4 (full 0):
 garbage-first heap   total 131072K, used 46640K [0x00000006e0000000, 0x0000000800000000)
  region size 1024K, 37 young (37888K), 6 survivors (6144K)
 Metaspace       used 20715K, capacity 21086K, committed 21248K, reserved 1067008K
  class space    used 2554K, capacity 2711K, committed 2816K, reserved 1048576K
}
Event: 5.998 GC heap after
{Heap after GC invocations=5 (full 0):
 garbage-first heap   total 131072K, used 16909K [0x00000006e0000000, 0x0000000800000000)
  region size 1024K, 2 young (2048K), 2 survivors (2048K)
 Metaspace       used 20715K, capacity 21086K, committed 21248K, reserved 1067008K
  class space    used 2554K, capacity 2711K, committed 2816K, reserved 1048576K
}
Event: 7.573 GC heap before
{Heap before GC invocations=6 (full 0):
 garbage-first heap   total 131072K, used 69133K [0x00000006e0000000, 0x0000000800000000)
  region size 1024K, 53 young (54272K), 2 survivors (2048K)
 Metaspace       used 26122K, capacity 26699K, committed 27008K, reserved 1073152K
  class space    used 3393K, capacity 3587K, committed 3712K, reserved 1048576K
}
Event: 7.582 GC heap after
{Heap after GC invocations=7 (full 0):
 garbage-first heap   total 131072K, used 18763K [0x00000006e0000000, 0x0000000800000000)
  region size 1024K, 3 young (3072K), 3 survivors (3072K)
 Metaspace       used 26122K, capacity 26699K, committed 27008K, reserved 1073152K
  class space    used 3393K, capacity 3587K, committed 3712K, reserved 1048576K
}
Event: 10.779 GC heap before
{Heap before GC invocations=7 (full 0):
 garbage-first heap   total 131072K, used 79179K [0x00000006e0000000, 0x0000000800000000)
  region size 1024K, 63 young (64512K), 3 survivors (3072K)
 Metaspace       used 34943K, capacity 35798K, committed 35840K, reserved 1081344K
  class space    used 4532K, capacity 4839K, committed 4864K, reserved 1048576K
}
Event: 10.808 GC heap after
{Heap after GC invocations=8 (full 0):
 garbage-first heap   total 131072K, used 22044K [0x00000006e0000000, 0x0000000800000000)
  region size 1024K, 7 young (7168K), 7 survivors (7168K)
 Metaspace       used 34943K, capacity 35798K, committed 35840K, reserved 1081344K
  class space    used 4532K, capacity 4839K, committed 4864K, reserved 1048576K
}
Event: 12.498 GC heap before
{Heap before GC invocations=9 (full 0):
 garbage-first heap   total 131072K, used 88604K [0x00000006e0000000, 0x0000000800000000)
  region size 1024K, 70 young (71680K), 7 survivors (7168K)
 Metaspace       used 39974K, capacity 40924K, committed 41088K, reserved 1085440K
  class space    used 5111K, capacity 5435K, committed 5504K, reserved 1048576K
}
Event: 12.526 GC heap after
{Heap after GC invocations=10 (full 0):
 garbage-first heap   total 131072K, used 27301K [0x00000006e0000000, 0x0000000800000000)
  region size 1024K, 9 young (9216K), 9 survivors (9216K)
 Metaspace       used 39974K, capacity 40924K, committed 41088K, reserved 1085440K
  class space    used 5111K, capacity 5435K, committed 5504K, reserved 1048576K
}
Event: 14.347 GC heap before
{Heap before GC invocations=10 (full 0):
 garbage-first heap   total 131072K, used 92837K [0x00000006e0000000, 0x0000000800000000)
  region size 1024K, 73 young (74752K), 9 survivors (9216K)
 Metaspace       used 45686K, capacity 46786K, committed 46976K, reserved 1089536K
  class space    used 5872K, capacity 6252K, committed 6272K, reserved 1048576K
}
Event: 14.373 GC heap after
{Heap after GC invocations=11 (full 0):
 garbage-first heap   total 131072K, used 30328K [0x00000006e0000000, 0x0000000800000000)
  region size 1024K, 4 young (4096K), 4 survivors (4096K)
 Metaspace       used 45686K, capacity 46786K, committed 46976K, reserved 1089536K
  class space    used 5872K, capacity 6252K, committed 6272K, reserved 1048576K
}
Event: 17.235 GC heap before
{Heap before GC invocations=11 (full 0):
 garbage-first heap   total 131072K, used 98936K [0x00000006e0000000, 0x0000000800000000)
  region size 1024K, 70 young (71680K), 4 survivors (4096K)
 Metaspace       used 48736K, capacity 50037K, committed 50304K, reserved 1093632K
  class space    used 6222K, capacity 6666K, committed 6784K, reserved 1048576K
}
Event: 17.272 GC heap after
{Heap after GC invocations=12 (full 0):
 garbage-first heap   total 157696K, used 38912K [0x00000006e0000000, 0x0000000800000000)
  region size 1024K, 9 young (9216K), 9 survivors (9216K)
 Metaspace       used 48736K, capacity 50037K, committed 50304K, reserved 1093632K
  class space    used 6222K, capacity 6666K, committed 6784K, reserved 1048576K
}
Event: 22.690 GC heap before
{Heap before GC invocations=12 (full 0):
 garbage-first heap   total 157696K, used 122880K [0x00000006e0000000, 0x0000000800000000)
  region size 1024K, 86 young (88064K), 9 survivors (9216K)
 Metaspace       used 58107K, capacity 59497K, committed 59520K, reserved 1101824K
  class space    used 7317K, capacity 7800K, committed 7808K, reserved 1048576K
}
Event: 22.720 GC heap after
{Heap after GC invocations=13 (full 0):
 garbage-first heap   total 157696K, used 54760K [0x00000006e0000000, 0x0000000800000000)
  region size 1024K, 10 young (10240K), 10 survivors (10240K)
 Metaspace       used 58107K, capacity 59497K, committed 59520K, reserved 1101824K
  class space    used 7317K, capacity 7800K, committed 7808K, reserved 1048576K
}
Event: 22.963 GC heap before
{Heap before GC invocations=13 (full 0):
 garbage-first heap   total 157696K, used 56808K [0x00000006e0000000, 0x0000000800000000)
  region size 1024K, 13 young (13312K), 10 survivors (10240K)
 Metaspace       used 58408K, capacity 59795K, committed 59904K, reserved 1101824K
  class space    used 7350K, capacity 7835K, committed 7936K, reserved 1048576K
}
Event: 22.974 GC heap after
{Heap after GC invocations=14 (full 0):
 garbage-first heap   total 157696K, used 55995K [0x00000006e0000000, 0x0000000800000000)
  region size 1024K, 2 young (2048K), 2 survivors (2048K)
 Metaspace       used 58408K, capacity 59795K, committed 59904K, reserved 1101824K
  class space    used 7350K, capacity 7835K, committed 7936K, reserved 1048576K
}
Event: 24.108 GC heap before
{Heap before GC invocations=15 (full 0):
 garbage-first heap   total 157696K, used 75451K [0x00000006e0000000, 0x0000000800000000)
  region size 1024K, 22 young (22528K), 2 survivors (2048K)
 Metaspace       used 61252K, capacity 62783K, committed 62848K, reserved 1118208K
  class space    used 7743K, capacity 8296K, committed 8320K, reserved 1048576K
}
Event: 24.117 GC heap after
{Heap after GC invocations=16 (full 0):
 garbage-first heap   total 157696K, used 56595K [0x00000006e0000000, 0x0000000800000000)
  region size 1024K, 2 young (2048K), 2 survivors (2048K)
 Metaspace       used 61252K, capacity 62783K, committed 62848K, reserved 1118208K
  class space    used 7743K, capacity 8296K, committed 8320K, reserved 1048576K
}

Deoptimization events (20 events):
Event: 23.433 Thread 0x0000021711b49000 Uncommon trap: trap_request=0xfffffff4 fr.pc=0x0000021707d66c0c relative=0x000000000000032c
Event: 23.433 Thread 0x0000021711b49000 Uncommon trap: reason=null_check action=make_not_entrant pc=0x0000021707d66c0c method=java.lang.ThreadLocal$ThreadLocalMap.getEntryAfterMiss(Ljava/lang/ThreadLocal;ILjava/lang/ThreadLocal$ThreadLocalMap$Entry;)Ljava/lang/ThreadLocal$ThreadLocalMap$Entry; 
Event: 23.433 Thread 0x0000021711b49000 DEOPT PACKING pc=0x0000021707d66c0c sp=0x000000a3e9af6bd0
Event: 23.433 Thread 0x0000021711b49000 DEOPT UNPACKING pc=0x000002170004a1af sp=0x000000a3e9af6a88 mode 2
Event: 23.749 Thread 0x0000021711b49000 Uncommon trap: trap_request=0xffffff4d fr.pc=0x0000021707df6f40 relative=0x0000000000000220
Event: 23.749 Thread 0x0000021711b49000 Uncommon trap: reason=unstable_if action=reinterpret pc=0x0000021707df6f40 method=java.security.SecureClassLoader$CodeSourceKey.hashCode()I @ 9 c2
Event: 23.749 Thread 0x0000021711b49000 DEOPT PACKING pc=0x0000021707df6f40 sp=0x000000a3e9af2df0
Event: 23.749 Thread 0x0000021711b49000 DEOPT UNPACKING pc=0x000002170004a1af sp=0x000000a3e9af2d80 mode 2
Event: 23.749 Thread 0x0000021711b49000 Uncommon trap: trap_request=0xffffff4d fr.pc=0x0000021707dc9bfc relative=0x000000000000195c
Event: 23.749 Thread 0x0000021711b49000 Uncommon trap: reason=unstable_if action=reinterpret pc=0x0000021707dc9bfc method=java.lang.ClassLoader.defineClassSourceLocation(Ljava/security/ProtectionDomain;)Ljava/lang/String; @ 15 c2
Event: 23.749 Thread 0x0000021711b49000 DEOPT PACKING pc=0x0000021707dc9bfc sp=0x000000a3e9af2e10
Event: 23.750 Thread 0x0000021711b49000 DEOPT UNPACKING pc=0x000002170004a1af sp=0x000000a3e9af2d88 mode 2
Event: 24.034 Thread 0x0000021711b49000 Uncommon trap: trap_request=0xffffff4d fr.pc=0x0000021707cc6004 relative=0x0000000000006664
Event: 24.034 Thread 0x0000021711b49000 Uncommon trap: reason=unstable_if action=reinterpret pc=0x0000021707cc6004 method=java.util.jar.JarFile.maybeInstantiateVerifier()V @ 91 c2
Event: 24.034 Thread 0x0000021711b49000 DEOPT PACKING pc=0x0000021707cc6004 sp=0x000000a3e9af4e00
Event: 24.034 Thread 0x0000021711b49000 DEOPT UNPACKING pc=0x000002170004a1af sp=0x000000a3e9af4ba0 mode 2
Event: 24.051 Thread 0x0000021711b49000 Uncommon trap: trap_request=0xffffff4d fr.pc=0x0000021707e1f5c0 relative=0x0000000000000360
Event: 24.051 Thread 0x0000021711b49000 Uncommon trap: reason=unstable_if action=reinterpret pc=0x0000021707e1f5c0 method=java.lang.ThreadLocal.get()Ljava/lang/Object; @ 11 c2
Event: 24.051 Thread 0x0000021711b49000 DEOPT PACKING pc=0x0000021707e1f5c0 sp=0x000000a3e9af4880
Event: 24.051 Thread 0x0000021711b49000 DEOPT UNPACKING pc=0x000002170004a1af sp=0x000000a3e9af4840 mode 2

Classes redefined (0 events):
No events

Internal exceptions (20 events):
Event: 19.651 Thread 0x0000021712d90800 Exception <a 'java/lang/NoSuchMethodError'{0x00000006e8abdc08}: <clinit>> (0x00000006e8abdc08) thrown at [./src/hotspot/share/prims/jni.cpp, line 1365]
Event: 19.656 Thread 0x0000021712d90800 Exception <a 'java/lang/NoSuchMethodError'{0x00000006e8ad0200}: <clinit>> (0x00000006e8ad0200) thrown at [./src/hotspot/share/prims/jni.cpp, line 1365]
Event: 19.659 Thread 0x0000021712d90800 Exception <a 'java/lang/NoSuchMethodError'{0x00000006e8adab10}: <clinit>> (0x00000006e8adab10) thrown at [./src/hotspot/share/prims/jni.cpp, line 1365]
Event: 19.663 Thread 0x0000021712d90800 Exception <a 'java/lang/NoSuchMethodError'{0x00000006e8904c70}: <clinit>> (0x00000006e8904c70) thrown at [./src/hotspot/share/prims/jni.cpp, line 1365]
Event: 19.691 Thread 0x0000021711b49000 Exception <a 'java/lang/ClassNotFoundException'{0x00000006e8989068}: build_4f0voxp8mpcn6ffqdsgu1x3m6BeanInfo> (0x00000006e8989068) thrown at [./src/hotspot/share/classfile/systemDictionary.cpp, line 231]
Event: 19.691 Thread 0x0000021711b49000 Exception <a 'java/lang/ClassNotFoundException'{0x00000006e8994020}: build_4f0voxp8mpcn6ffqdsgu1x3m6Customizer> (0x00000006e8994020) thrown at [./src/hotspot/share/classfile/systemDictionary.cpp, line 231]
Event: 19.812 Thread 0x0000021711b49000 Exception <a 'java/lang/ClassNotFoundException'{0x00000006e87d8338}: org/gradle/api/internal/plugins/DefaultObjectConfigurationActionBeanInfo> (0x00000006e87d8338) thrown at [./src/hotspot/share/classfile/systemDictionary.cpp, line 231]
Event: 19.814 Thread 0x0000021711b49000 Exception <a 'java/lang/ClassNotFoundException'{0x00000006e860f1c0}: org/gradle/api/internal/plugins/DefaultObjectConfigurationActionCustomizer> (0x00000006e860f1c0) thrown at [./src/hotspot/share/classfile/systemDictionary.cpp, line 231]
Event: 20.425 Thread 0x0000021711b49000 Exception <a 'java/lang/NoSuchMethodError'{0x00000006e7c77758}: 'java.lang.Object java.lang.invoke.DirectMethodHandle$Holder.invokeStatic(java.lang.Object, java.lang.Object, java.lang.Object, java.lang.Object, int)'> (0x00000006e7c77758) thrown at [./src/hotspot/share/interpreter/linkResolver.cpp, line 773]
Event: 20.426 Thread 0x0000021711b49000 Exception <a 'java/lang/NoSuchMethodError'{0x00000006e7c7c150}: 'java.lang.Object java.lang.invoke.DirectMethodHandle$Holder.invokeSpecial(java.lang.Object, java.lang.Object, java.lang.Object, java.lang.Object, java.lang.Object, int)'> (0x00000006e7c7c150) thrown at [./src/hotspot/share/interpreter/linkResolver.cpp, line 773]
Event: 20.426 Thread 0x0000021711b49000 Exception <a 'java/lang/NoSuchMethodError'{0x00000006e7c80790}: 'java.lang.Object java.lang.invoke.Invokers$Holder.linkToTargetMethod(java.lang.Object, java.lang.Object, java.lang.Object, int, java.lang.Object)'> (0x00000006e7c80790) thrown at [./src/hotspot/share/interpreter/linkResolver.cpp, line 773]
Event: 21.008 Thread 0x0000021711b49000 Exception <a 'java/lang/NoSuchMethodError'{0x00000006e6c6e7e0}: 'java.lang.Object java.lang.invoke.DirectMethodHandle$Holder.invokeSpecial(java.lang.Object, java.lang.Object, int, int, java.lang.Object, java.lang.Object, java.lang.Object)'> (0x00000006e6c6e7e0) thrown at [./src/hotspot/share/interpreter/linkResolver.cpp, line 773]
Event: 21.009 Thread 0x0000021711b49000 Exception <a 'java/lang/NoSuchMethodError'{0x00000006e6c72d60}: 'java.lang.Object java.lang.invoke.DelegatingMethodHandle$Holder.reinvoke_L(java.lang.Object, int, int, java.lang.Object, java.lang.Object, java.lang.Object)'> (0x00000006e6c72d60) thrown at [./src/hotspot/share/interpreter/linkResolver.cpp, line 773]
Event: 21.641 Thread 0x0000021711b49000 Exception <a 'java/lang/NoSuchMethodError'{0x00000006e5f87a68}: 'int java.lang.invoke.DirectMethodHandle$Holder.invokeInterface(java.lang.Object, java.lang.Object, java.lang.Object, java.lang.Object)'> (0x00000006e5f87a68) thrown at [./src/hotspot/share/interpreter/linkResolver.cpp, line 773]
Event: 23.243 Thread 0x0000021711b49000 Exception <a 'java/lang/NoSuchMethodError'{0x00000006e9780e50}: 'void java.lang.invoke.DirectMethodHandle$Holder.invokeInterface(java.lang.Object, java.lang.Object, java.lang.Object, java.lang.Object)'> (0x00000006e9780e50) thrown at [./src/hotspot/share/interpreter/linkResolver.cpp, line 773]
Event: 23.433 Thread 0x0000021711b49000 Implicit null exception at 0x0000021707d669ae to 0x0000021707d66bec
Event: 23.595 Thread 0x0000021711b49000 Exception <a 'java/lang/IncompatibleClassChangeError'{0x00000006e8dfdaf8}: Found class java.lang.Object, but interface was expected> (0x00000006e8dfdaf8) thrown at [./src/hotspot/share/interpreter/linkResolver.cpp, line 839]
Event: 23.749 Thread 0x0000021711b49000 Implicit null exception at 0x0000021707df6d55 to 0x0000021707df6f30
Event: 23.749 Thread 0x0000021711b49000 Implicit null exception at 0x0000021707dc8883 to 0x0000021707dc9bd0
Event: 24.051 Thread 0x0000021711b49000 Implicit null exception at 0x0000021707e1f2ad to 0x0000021707e1f5b0

Events (20 events):
Event: 24.203 loading class sun/security/x509/GeneralNames
Event: 24.203 loading class sun/security/x509/GeneralNames done
Event: 24.204 loading class sun/security/x509/SubjectKeyIdentifierExtension
Event: 24.206 loading class sun/security/x509/SubjectKeyIdentifierExtension done
Event: 24.207 loading class sun/security/x509/X509AttributeName
Event: 24.207 loading class sun/security/x509/X509AttributeName done
Event: 24.207 loading class sun/security/util/MemoryCache$SoftCacheEntry
Event: 24.207 loading class sun/security/util/MemoryCache$CacheEntry
Event: 24.207 loading class sun/security/util/MemoryCache$CacheEntry done
Event: 24.207 loading class sun/security/util/MemoryCache$SoftCacheEntry done
Event: 24.207 loading class jdk/internal/event/X509CertificateEvent
Event: 24.207 loading class jdk/internal/event/Event
Event: 24.212 loading class jdk/internal/event/Event done
Event: 24.215 loading class jdk/internal/event/X509CertificateEvent done
Event: 24.215 loading class jdk/internal/event/EventHelper
Event: 24.215 loading class jdk/internal/event/EventHelper done
Event: 24.216 loading class java/lang/invoke/VarHandleObjects$FieldStaticReadWrite
Event: 24.216 loading class java/lang/invoke/VarHandleObjects$FieldStaticReadOnly
Event: 24.216 loading class java/lang/invoke/VarHandleObjects$FieldStaticReadOnly done
Event: 24.216 loading class java/lang/invoke/VarHandleObjects$FieldStaticReadWrite done


Dynamic libraries:
0x00007ff70d4f0000 - 0x00007ff70d4fa000 	C:\Program Files\Android\Android Studio1\jre\bin\java.exe
0x00007ffcf9290000 - 0x00007ffcf9488000 	C:\WINDOWS\SYSTEM32\ntdll.dll
0x00007ffcf88f0000 - 0x00007ffcf89af000 	C:\WINDOWS\System32\KERNEL32.DLL
0x00007ffcf6980000 - 0x00007ffcf6c52000 	C:\WINDOWS\System32\KERNELBASE.dll
0x00007ffcf6e10000 - 0x00007ffcf6f10000 	C:\WINDOWS\System32\ucrtbase.dll
0x00007ffce08e0000 - 0x00007ffce08f7000 	C:\Program Files\Android\Android Studio1\jre\bin\VCRUNTIME140.dll
0x00007ffcd8860000 - 0x00007ffcd8879000 	C:\Program Files\Android\Android Studio1\jre\bin\jli.dll
0x00007ffcf8340000 - 0x00007ffcf84e1000 	C:\WINDOWS\System32\USER32.dll
0x00007ffce1480000 - 0x00007ffce171a000 	C:\WINDOWS\WinSxS\amd64_microsoft.windows.common-controls_6595b64144ccf1df_6.0.19041.1110_none_60b5254171f9507e\COMCTL32.dll
0x00007ffcf6fc0000 - 0x00007ffcf6fe2000 	C:\WINDOWS\System32\win32u.dll
0x00007ffcf8a40000 - 0x00007ffcf8ade000 	C:\WINDOWS\System32\msvcrt.dll
0x00007ffcf72d0000 - 0x00007ffcf72fb000 	C:\WINDOWS\System32\GDI32.dll
0x00007ffcf6c90000 - 0x00007ffcf6d9f000 	C:\WINDOWS\System32\gdi32full.dll
0x00007ffcf71a0000 - 0x00007ffcf723d000 	C:\WINDOWS\System32\msvcp_win.dll
0x00007ffcf79d0000 - 0x00007ffcf7a02000 	C:\WINDOWS\System32\IMM32.DLL
0x00007ffcccf60000 - 0x00007ffcccffd000 	C:\Program Files\Android\Android Studio1\jre\bin\msvcp140.dll
0x00007ffc861f0000 - 0x00007ffc86cd5000 	C:\Program Files\Android\Android Studio1\jre\bin\server\jvm.dll
0x00007ffcf7380000 - 0x00007ffcf742e000 	C:\WINDOWS\System32\ADVAPI32.dll
0x00007ffcf8d30000 - 0x00007ffcf8dcc000 	C:\WINDOWS\System32\sechost.dll
0x00007ffcf78a0000 - 0x00007ffcf79c5000 	C:\WINDOWS\System32\RPCRT4.dll
0x00007ffcf8e30000 - 0x00007ffcf8e38000 	C:\WINDOWS\System32\PSAPI.DLL
0x00007ffce0180000 - 0x00007ffce0189000 	C:\WINDOWS\SYSTEM32\WSOCK32.dll
0x00007ffcf8ca0000 - 0x00007ffcf8d0b000 	C:\WINDOWS\System32\WS2_32.dll
0x00007ffcdfb30000 - 0x00007ffcdfb57000 	C:\WINDOWS\SYSTEM32\WINMM.dll
0x00007ffcf0dc0000 - 0x00007ffcf0dca000 	C:\WINDOWS\SYSTEM32\VERSION.dll
0x00007ffcf48b0000 - 0x00007ffcf48c2000 	C:\WINDOWS\SYSTEM32\kernel.appcore.dll
0x00007ffcf1eb0000 - 0x00007ffcf1ec1000 	C:\Program Files\Android\Android Studio1\jre\bin\verify.dll
0x00007ffcf2120000 - 0x00007ffcf2304000 	C:\WINDOWS\SYSTEM32\DBGHELP.DLL
0x00007ffce26f0000 - 0x00007ffce2725000 	C:\WINDOWS\SYSTEM32\dbgcore.DLL
0x00007ffcf7240000 - 0x00007ffcf72c2000 	C:\WINDOWS\System32\bcryptPrimitives.dll
0x00007ffcf1e80000 - 0x00007ffcf1ea9000 	C:\Program Files\Android\Android Studio1\jre\bin\java.dll
0x00007ffcdd540000 - 0x00007ffcdd54b000 	C:\Program Files\Android\Android Studio1\jre\bin\jimage.dll
0x00007ffcdd520000 - 0x00007ffcdd538000 	C:\Program Files\Android\Android Studio1\jre\bin\zip.dll
0x00007ffcf7b40000 - 0x00007ffcf8284000 	C:\WINDOWS\System32\SHELL32.dll
0x00007ffcf4a40000 - 0x00007ffcf51d2000 	C:\WINDOWS\SYSTEM32\windows.storage.dll
0x00007ffcf8ef0000 - 0x00007ffcf9245000 	C:\WINDOWS\System32\combase.dll
0x00007ffcf6300000 - 0x00007ffcf6330000 	C:\WINDOWS\SYSTEM32\Wldp.dll
0x00007ffcf8e40000 - 0x00007ffcf8eed000 	C:\WINDOWS\System32\SHCORE.dll
0x00007ffcf7320000 - 0x00007ffcf7375000 	C:\WINDOWS\System32\shlwapi.dll
0x00007ffcf68c0000 - 0x00007ffcf68df000 	C:\WINDOWS\SYSTEM32\profapi.dll
0x00007ffcdd500000 - 0x00007ffcdd51a000 	C:\Program Files\Android\Android Studio1\jre\bin\net.dll
0x00007ffcf0dd0000 - 0x00007ffcf0edc000 	C:\WINDOWS\SYSTEM32\WINHTTP.dll
0x00007ffcf6060000 - 0x00007ffcf60ca000 	C:\WINDOWS\system32\mswsock.dll
0x00007ffcdd4e0000 - 0x00007ffcdd4f4000 	C:\Program Files\Android\Android Studio1\jre\bin\nio.dll
0x00007ffccd000000 - 0x00007ffccd027000 	C:\Users\DELL Latitude\.gradle\native\e1d6ef7f7dcc3fd88c89a11ec53ec762bb8ba0a96d01ffa2cd45eb1d1d8dd5c5\windows-amd64\native-platform.dll
0x00007ffcc72b0000 - 0x00007ffcc73f4000 	C:\Users\DELL Latitude\.gradle\native\5664cfc778a61ccfe75a443a1ab52a65af34e5dc3c78e0209fed803814484fcb\windows-amd64\native-platform-file-events.dll
0x00007ffcdd4d0000 - 0x00007ffcdd4da000 	C:\Program Files\Android\Android Studio1\jre\bin\management.dll
0x00007ffcdd4c0000 - 0x00007ffcdd4cd000 	C:\Program Files\Android\Android Studio1\jre\bin\management_ext.dll
0x00007ffcf6250000 - 0x00007ffcf6268000 	C:\WINDOWS\SYSTEM32\CRYPTSP.dll
0x00007ffcf5980000 - 0x00007ffcf59b4000 	C:\WINDOWS\system32\rsaenh.dll
0x00007ffcf6c60000 - 0x00007ffcf6c87000 	C:\WINDOWS\System32\bcrypt.dll
0x00007ffcf6880000 - 0x00007ffcf68ae000 	C:\WINDOWS\SYSTEM32\USERENV.dll
0x00007ffcf6270000 - 0x00007ffcf627c000 	C:\WINDOWS\SYSTEM32\CRYPTBASE.dll
0x00007ffcf5d50000 - 0x00007ffcf5d8b000 	C:\WINDOWS\SYSTEM32\IPHLPAPI.DLL
0x00007ffcf7310000 - 0x00007ffcf7318000 	C:\WINDOWS\System32\NSI.dll
0x00007ffcebf20000 - 0x00007ffcebf37000 	C:\WINDOWS\SYSTEM32\dhcpcsvc6.DLL
0x00007ffcec0a0000 - 0x00007ffcec0bd000 	C:\WINDOWS\SYSTEM32\dhcpcsvc.DLL
0x00007ffcf5d90000 - 0x00007ffcf5e5a000 	C:\WINDOWS\SYSTEM32\DNSAPI.dll

dbghelp: loaded successfully - version: 4.0.5 - missing functions: none
symbol engine: initialized successfully - sym options: 0x614 - pdb path: .;C:\Program Files\Android\Android Studio1\jre\bin;C:\WINDOWS\SYSTEM32;C:\WINDOWS\WinSxS\amd64_microsoft.windows.common-controls_6595b64144ccf1df_6.0.19041.1110_none_60b5254171f9507e;C:\Program Files\Android\Android Studio1\jre\bin\server;C:\Users\DELL Latitude\.gradle\native\e1d6ef7f7dcc3fd88c89a11ec53ec762bb8ba0a96d01ffa2cd45eb1d1d8dd5c5\windows-amd64;C:\Users\DELL Latitude\.gradle\native\5664cfc778a61ccfe75a443a1ab52a65af34e5dc3c78e0209fed803814484fcb\windows-amd64

VM Arguments:
jvm_args: --add-opens=java.base/java.util=ALL-UNNAMED --add-opens=java.base/java.lang=ALL-UNNAMED --add-opens=java.base/java.lang.invoke=ALL-UNNAMED --add-opens=java.base/java.util=ALL-UNNAMED --add-opens=java.prefs/java.util.prefs=ALL-UNNAMED --add-opens=java.prefs/java.util.prefs=ALL-UNNAMED --add-opens=java.base/java.nio.charset=ALL-UNNAMED --add-opens=java.base/java.net=ALL-UNNAMED --add-opens=java.base/java.util.concurrent.atomic=ALL-UNNAMED -Xmx4608m -Dfile.encoding=windows-1252 -Duser.country=US -Duser.language=en -Duser.variant 
java_command: org.gradle.launcher.daemon.bootstrap.GradleDaemon 7.3.3
java_class_path (initial): C:\Users\DELL Latitude\.gradle\wrapper\dists\gradle-7.3.3-bin\6a41zxkdtcxs8rphpq6y0069z\gradle-7.3.3\lib\gradle-launcher-7.3.3.jar
Launcher Type: SUN_STANDARD

[Global flags]
     intx CICompilerCount                          = 3                                         {product} {ergonomic}
     uint ConcGCThreads                            = 1                                         {product} {ergonomic}
     uint G1ConcRefinementThreads                  = 4                                         {product} {ergonomic}
   size_t G1HeapRegionSize                         = 1048576                                   {product} {ergonomic}
    uintx GCDrainStackTargetSize                   = 64                                        {product} {ergonomic}
   size_t InitialHeapSize                          = 134217728                                 {product} {ergonomic}
   size_t MarkStackSize                            = 4194304                                   {product} {ergonomic}
   size_t MaxHeapSize                              = 4831838208                                {product} {command line}
   size_t MaxNewSize                               = 2898264064                                {product} {ergonomic}
   size_t MinHeapDeltaBytes                        = 1048576                                   {product} {ergonomic}
    uintx NonNMethodCodeHeapSize                   = 5830732                                {pd product} {ergonomic}
    uintx NonProfiledCodeHeapSize                  = 122913754                              {pd product} {ergonomic}
    uintx ProfiledCodeHeapSize                     = 122913754                              {pd product} {ergonomic}
    uintx ReservedCodeCacheSize                    = 251658240                              {pd product} {ergonomic}
     bool SegmentedCodeCache                       = true                                      {product} {ergonomic}
     bool UseCompressedClassPointers               = true                                 {lp64_product} {ergonomic}
     bool UseCompressedOops                        = true                                 {lp64_product} {ergonomic}
     bool UseG1GC                                  = true                                      {product} {ergonomic}
     bool UseLargePagesIndividualAllocation        = false                                  {pd product} {ergonomic}

Logging:
Log output configuration:
 #0: stdout all=warning uptime,level,tags
 #1: stderr all=off uptime,level,tags

Environment Variables:
JAVA_HOME=C:\Program Files\Java\jdk-16.0.1
PATH=C:\Program Files\Java\jdk-16.0.1\bin;C:\Program Files\Common Files\Oracle\Java\javapath;C:\Program Files (x86)\Common Files\Oracle\Java\javapath;C:\WINDOWS\system32;C:\WINDOWS;C:\WINDOWS\System32\Wbem;C:\WINDOWS\System32\OpenSSH\;C:\WINDOWS\System32\WindowsPowerShell\v1.0\;C:\Program Files\Java\jdk-16.0.1\bin;C:\Program Files\kotlinc\bin;C:\Program Files\Git\cmd;C:\Gradle\gradle-7.6-bin\gradle-7.6\bin;C:\Program Files\JetBrains\IntelliJ IDEA\bin;C:\Program Files\MongoDB\Server\6.0\bin;C:\Users\DELL Latitude\AppData\Local\Programs\Microsoft VS Code\bin
USERNAME=DELL Latitude
OS=Windows_NT
PROCESSOR_IDENTIFIER=Intel64 Family 6 Model 78 Stepping 3, GenuineIntel



---------------  S Y S T E M  ---------------

OS: Windows 10 , 64 bit Build 19041 (10.0.19041.2364)
OS uptime: 0 days 11:57 hours

CPU:total 4 (initial active 4) (2 cores per cpu, 2 threads per core) family 6 model 78 stepping 3 microcode 0xcc, cmov, cx8, fxsr, mmx, sse, sse2, sse3, ssse3, sse4.1, sse4.2, popcnt, avx, avx2, aes, clmul, erms, rtm, 3dnowpref, lzcnt, ht, tsc, tscinvbit, bmi1, bmi2, adx, fma

Memory: 4k page, system-wide physical 8083M (16M free)
TotalPageFile size 32659M (AvailPageFile size 0M)
current process WorkingSet (physical memory assigned to process): 344M, peak: 344M
current process commit charge ("private bytes"): 373M, peak: 374M

vm_info: OpenJDK 64-Bit Server VM (11.0.12+7-b1504.28-7817840) for windows-amd64 JRE (11.0.12+7-b1504.28-7817840), built on Oct 13 2021 22:12:33 by "builder" with MS VC++ 14.0 (VS2015)

END.
